<?xml version="1.0" encoding="UTF-8"?>
<!-- Generated by org.testng.reporters.JUnitXMLReporter -->
<testsuite ignored="0" hostname="DESKTOP-PPELCG3" failures="0" tests="3" name="testcase3" time="25.507" errors="0" timestamp="2021-11-22T16:38:00 IST">
  <testcase classname="browserlaunch.AddtoCart" name="clickingondress" time="7.402"/>
  <testcase classname="browserlaunch.AddtoCart" name="dataenterincart" time="0.449"/>
  <testcase classname="browserlaunch.AddtoCart" name="checkout" time="17.633"/>
</testsuite> <!-- testcase3 -->
